<?xml version="1.0" encoding="UTF-8"?>
<robot generator="Robot 7.5 (Python 3.13.14 on win32)" generated="2026-09-22T22:20:30.033339" rpa="false" schemaversion="5">
<suite id="s1" name="Serve-Rest-Front" source="C:\Users\AlmavivA\Desktop\Estudos\Robot_playwright\tests\serve-rest-front.robot">
<test id="s1-t1" name="Login com sucesso Serve Rest Front" line="5">
<kw name="Abrir o navegador" owner="serve-rest-front">
<kw name="New Browser" owner="Browser">
<msg time="2026-09-22T22:20:31.136813" level="INFO">{"browser": "chromium", "headless": false, "chromiumSandbox": false, "devtools": false, "handleSIGHUP": true, "handleSIGINT": true, "handleSIGTERM": true, "slowMo": 0.0, "timeout": 30000.0, "tracesDir": "C:\\Users\\AlmavivA\\Desktop\\Estudos\\Robot_playwright\\results\\browser\\traces\\temp\\30bd166a-eace-4978-ba8b-ba0cec447030"}</msg>
<msg time="2026-09-22T22:20:31.176520" level="INFO">Starting Browser process C:\Users\AlmavivA\Desktop\Estudos\Robot_playwright\venv\Lib\site-packages\Browser\wrapper\index.js using at 127.0.0.1:62600</msg>
<msg time="2026-09-22T22:20:31.962911" level="INFO">Successfully created browser with options: {"browser":"chromium","headless":false,"chromiumSandbox":false,"devtools":false,"handleSIGHUP":true,"handleSIGINT":true,"handleSIGTERM":true,"slowMo":0,"timeout":30000,"tracesDir":"C:\\Users\\AlmavivA\\Desktop\\Estudos\\Robot_playwright\\results\\browser\\traces\\temp\\30bd166a-eace-4978-ba8b-ba0cec447030"}</msg>
<arg>browser=${BROWSER}</arg>
<arg>headless=${HEADLESS}</arg>
<tag>BrowserControl</tag>
<tag>Setter</tag>
<doc>Create a new playwright Browser with specified options.</doc>
<status status="PASS" start="2026-09-22T22:20:31.135984" elapsed="0.827612"/>
</kw>
<kw name="New Context" owner="Browser">
<msg time="2026-09-22T22:20:31.969207" level="INFO">{
  "acceptDownloads": true,
  "bypassCSP": false,
  "forcedColors": "none",
  "ignoreHTTPSErrors": false,
  "javaScriptEnabled": true,
  "offline": false,
  "reducedMotion": "no-preference",
  "serviceWorkers": "allow",
  "viewport": {
    "width": 1280,
    "height": 720
  }
}</msg>
<msg time="2026-09-22T22:20:32.006889" level="INFO">Successfully created context. </msg>
<msg time="2026-09-22T22:20:32.007110" level="INFO">{'acceptDownloads': True, 'bypassCSP': False, 'forcedColors': 'none', 'ignoreHTTPSErrors': False, 'javaScriptEnabled': True, 'offline': False, 'reducedMotion': 'no-preference', 'serviceWorkers': 'allow', 'viewport': {'width': 1280, 'height': 720}}</msg>
<arg>viewport={"width": 1280, "height": 720}</arg>
<tag>BrowserControl</tag>
<tag>Setter</tag>
<doc>Create a new BrowserContext with specified options.</doc>
<status status="PASS" start="2026-09-22T22:20:31.964176" elapsed="0.043102"/>
</kw>
<status status="PASS" start="2026-09-22T22:20:31.135041" elapsed="0.872659"/>
</kw>
<kw name="Ir para o site Serve Rest Front" owner="serve-rest-front">
<kw name="New Page" owner="Browser">
<msg time="2026-09-22T22:20:34.643600" level="INFO">Successfully initialized new page object and opened url: https://front.serverest.dev</msg>
<arg>url=${SITE}</arg>
<tag>BrowserControl</tag>
<tag>Setter</tag>
<doc>Open a new Page.</doc>
<status status="PASS" start="2026-09-22T22:20:32.011200" elapsed="2.632656"/>
</kw>
<status status="PASS" start="2026-09-22T22:20:32.009322" elapsed="2.634702"/>
</kw>
<kw name="Preencher os dados do novo usuário e cadastrar" owner="serve-rest-front">
<kw name="Click" owner="Browser">
<msg time="2026-09-22T22:20:34.645206" level="INFO">Clicks the element 'css=.btn-link'.</msg>
<arg>css=.btn-link</arg>
<tag>PageContent</tag>
<tag>Setter</tag>
<doc>Simulates mouse click on the element found by ``selector``.</doc>
<status status="PASS" start="2026-09-22T22:20:34.644801" elapsed="0.152053"/>
</kw>
<kw name="Email" owner="FakerLibrary">
<msg time="2026-09-22T22:20:34.797700" level="INFO">${EMAIL} = jimmy50@example.net</msg>
<var>${EMAIL}</var>
<status status="PASS" start="2026-09-22T22:20:34.797185" elapsed="0.000552"/>
</kw>
<kw name="Fill Text" owner="Browser">
<msg time="2026-09-22T22:20:34.798345" level="INFO">Fills the text 'Thiago' in the given field.</msg>
<arg>css=input[data-testid='nome']</arg>
<arg>Thiago</arg>
<tag>PageContent</tag>
<tag>Setter</tag>
<doc>Clears and fills the given ``txt`` into the text field found by ``selector``.</doc>
<status status="PASS" start="2026-09-22T22:20:34.797887" elapsed="0.021379"/>
</kw>
<kw name="Fill Text" owner="Browser">
<msg time="2026-09-22T22:20:34.821745" level="INFO">Fills the text 'jimmy50@example.net' in the given field.</msg>
<arg>css=input[data-testid='email']</arg>
<arg>${EMAIL}</arg>
<tag>PageContent</tag>
<tag>Setter</tag>
<doc>Clears and fills the given ``txt`` into the text field found by ``selector``.</doc>
<status status="PASS" start="2026-09-22T22:20:34.819946" elapsed="0.021259"/>
</kw>
<kw name="Fill Text" owner="Browser">
<msg time="2026-09-22T22:20:34.841955" level="INFO">Fills the text '123456' in the given field.</msg>
<arg>css=input[data-testid='password']</arg>
<arg>123456</arg>
<tag>PageContent</tag>
<tag>Setter</tag>
<doc>Clears and fills the given ``txt`` into the text field found by ``selector``.</doc>
<status status="PASS" start="2026-09-22T22:20:34.841417" elapsed="0.016274"/>
</kw>
<kw name="Check Checkbox" owner="Browser">
<arg>css=input[data-testid='checkbox']</arg>
<tag>PageContent</tag>
<tag>Setter</tag>
<doc>Checks the checkbox or selects radio button found by ``selector``.</doc>
<status status="PASS" start="2026-09-22T22:20:34.857897" elapsed="0.054750"/>
</kw>
<kw name="Click" owner="Browser">
<msg time="2026-09-22T22:20:34.913626" level="INFO">Clicks the element 'css=button[data-testid='cadastrar']'.</msg>
<arg>css=button[data-testid='cadastrar']</arg>
<tag>PageContent</tag>
<tag>Setter</tag>
<doc>Simulates mouse click on the element found by ``selector``.</doc>
<status status="PASS" start="2026-09-22T22:20:34.912919" elapsed="0.051913"/>
</kw>
<kw name="Sleep" owner="BuiltIn">
<msg time="2026-09-22T22:20:39.966520" level="INFO">Slept 5 seconds.</msg>
<arg>5s</arg>
<doc>Pauses execution for the given time.</doc>
<status status="PASS" start="2026-09-22T22:20:34.965349" elapsed="5.001286"/>
</kw>
<status status="PASS" start="2026-09-22T22:20:34.644399" elapsed="5.322326"/>
</kw>
<msg time="2026-09-22T22:20:39.984023" level="INFO">Switching context to context=85f7388f-82fa-46ed-b965-201d268540b2 in CURRENT</msg>
<msg time="2026-09-22T22:20:39.992638" level="INFO">Successfully changed active context: context=85f7388f-82fa-46ed-b965-201d268540b2</msg>
<msg time="2026-09-22T22:20:40.015120" level="INFO">Successfully closed Context</msg>
<status status="PASS" start="2026-09-22T22:20:31.134206" elapsed="8.832812"/>
</test>
<status status="PASS" start="2026-09-22T22:20:30.038628" elapsed="9.979127"/>
</suite>
<statistics>
<total>
<stat pass="1" fail="0" skip="0">All Tests</stat>
</total>
<tag>
</tag>
<suite>
<stat name="Serve-Rest-Front" id="s1" pass="1" fail="0" skip="0">Serve-Rest-Front</stat>
</suite>
</statistics>
<errors>
</errors>
</robot>
