<?xml version="1.0" encoding="UTF-8"?>
<robot generator="Robot 7.5 (Python 3.13.14 on win32)" generated="2026-09-23T20:27:31.498414" rpa="false" schemaversion="5">
<suite id="s1" name="Serve-Rest-Front" source="C:\Users\AlmavivA\Desktop\Estudos\Robot_playwright\tests\serve-rest-front.robot">
<test id="s1-t1" name="Login com sucesso Serve Rest Front" line="5">
<kw name="Abrir o navegador" owner="serve-rest-front">
<kw name="New Browser" owner="Browser">
<msg time="2026-09-23T20:27:31.902712" level="INFO">{"browser": "chromium", "headless": false, "chromiumSandbox": false, "devtools": false, "handleSIGHUP": true, "handleSIGINT": true, "handleSIGTERM": true, "slowMo": 0.0, "timeout": 30000.0, "tracesDir": "C:\\Users\\AlmavivA\\Desktop\\Estudos\\Robot_playwright\\results\\browser\\traces\\temp\\c2ff7ad7-8b80-451e-9c81-4457dfa0a4d2"}</msg>
<msg time="2026-09-23T20:27:31.934621" level="INFO">Starting Browser process C:\Users\AlmavivA\Desktop\Estudos\Robot_playwright\venv\Lib\site-packages\Browser\wrapper\index.js using at 127.0.0.1:52215</msg>
<msg time="2026-09-23T20:27:32.693374" level="INFO">Successfully created browser with options: {"browser":"chromium","headless":false,"chromiumSandbox":false,"devtools":false,"handleSIGHUP":true,"handleSIGINT":true,"handleSIGTERM":true,"slowMo":0,"timeout":30000,"tracesDir":"C:\\Users\\AlmavivA\\Desktop\\Estudos\\Robot_playwright\\results\\browser\\traces\\temp\\c2ff7ad7-8b80-451e-9c81-4457dfa0a4d2"}</msg>
<arg>browser=${BROWSER}</arg>
<arg>headless=${HEADLESS}</arg>
<tag>BrowserControl</tag>
<tag>Setter</tag>
<doc>Create a new playwright Browser with specified options.</doc>
<status status="PASS" start="2026-09-23T20:27:31.901590" elapsed="0.792435"/>
</kw>
<kw name="New Context" owner="Browser">
<msg time="2026-09-23T20:27:32.697776" level="INFO">{
  "acceptDownloads": true,
  "bypassCSP": false,
  "forcedColors": "none",
  "ignoreHTTPSErrors": false,
  "javaScriptEnabled": true,
  "offline": false,
  "reducedMotion": "no-preference",
  "serviceWorkers": "allow",
  "viewport": {
    "width": 1280,
    "height": 720
  }
}</msg>
<msg time="2026-09-23T20:27:32.724781" level="INFO">Successfully created context. </msg>
<msg time="2026-09-23T20:27:32.724922" level="INFO">{'acceptDownloads': True, 'bypassCSP': False, 'forcedColors': 'none', 'ignoreHTTPSErrors': False, 'javaScriptEnabled': True, 'offline': False, 'reducedMotion': 'no-preference', 'serviceWorkers': 'allow', 'viewport': {'width': 1280, 'height': 720}}</msg>
<arg>viewport={"width": 1280, "height": 720}</arg>
<tag>BrowserControl</tag>
<tag>Setter</tag>
<doc>Create a new BrowserContext with specified options.</doc>
<status status="PASS" start="2026-09-23T20:27:32.694885" elapsed="0.030221"/>
</kw>
<status status="PASS" start="2026-09-23T20:27:31.900662" elapsed="0.824781"/>
</kw>
<kw name="Ir para o site Serve Rest Front" owner="serve-rest-front">
<kw name="New Page" owner="Browser">
<msg time="2026-09-23T20:27:35.110939" level="INFO">Successfully initialized new page object and opened url: https://front.serverest.dev</msg>
<arg>url=${SITE}</arg>
<tag>BrowserControl</tag>
<tag>Setter</tag>
<doc>Open a new Page.</doc>
<status status="PASS" start="2026-09-23T20:27:32.728021" elapsed="2.383278"/>
</kw>
<kw name="Get Title" owner="Browser">
<msg time="2026-09-23T20:27:35.124359" level="INFO">Title: 'Front - ServeRest'</msg>
<msg time="2026-09-23T20:27:35.124520" level="INFO">${title} = Front - ServeRest</msg>
<var>${title}</var>
<arg>==</arg>
<arg>Front - ServeRest</arg>
<tag>Assertion</tag>
<tag>Getter</tag>
<tag>PageContent</tag>
<doc>Returns the title of the current page.</doc>
<status status="PASS" start="2026-09-23T20:27:35.111673" elapsed="0.012873"/>
</kw>
<kw name="Log" owner="BuiltIn">
<msg time="2026-09-23T20:27:35.125190" level="INFO">Front - ServeRest</msg>
<arg>${title}</arg>
<doc>Logs the given message with the given level.</doc>
<status status="PASS" start="2026-09-23T20:27:35.124797" elapsed="0.000440"/>
</kw>
<status status="PASS" start="2026-09-23T20:27:32.726122" elapsed="2.399189"/>
</kw>
<kw name="Preencher os dados do novo usuário e cadastrar" owner="serve-rest-front">
<kw name="Click" owner="Browser">
<msg time="2026-09-23T20:27:35.126353" level="INFO">Clicks the element 'css=.btn-link'.</msg>
<arg>css=.btn-link</arg>
<tag>PageContent</tag>
<tag>Setter</tag>
<doc>Simulates mouse click on the element found by ``selector``.</doc>
<status status="PASS" start="2026-09-23T20:27:35.125966" elapsed="0.090456"/>
</kw>
<kw name="Email" owner="FakerLibrary">
<msg time="2026-09-23T20:27:35.217206" level="INFO">${EMAIL} = amanda38@example.net</msg>
<var>${EMAIL}</var>
<status status="PASS" start="2026-09-23T20:27:35.216648" elapsed="0.000598"/>
</kw>
<kw name="Fill Text" owner="Browser">
<msg time="2026-09-23T20:27:35.217929" level="INFO">Fills the text 'Thiago' in the given field.</msg>
<arg>css=input[data-testid='nome']</arg>
<arg>Thiago</arg>
<tag>PageContent</tag>
<tag>Setter</tag>
<doc>Clears and fills the given ``txt`` into the text field found by ``selector``.</doc>
<status status="PASS" start="2026-09-23T20:27:35.217398" elapsed="0.016511"/>
</kw>
<kw name="Fill Text" owner="Browser">
<msg time="2026-09-23T20:27:35.234638" level="INFO">Fills the text 'amanda38@example.net' in the given field.</msg>
<arg>css=input[data-testid='email']</arg>
<arg>${EMAIL}</arg>
<tag>PageContent</tag>
<tag>Setter</tag>
<doc>Clears and fills the given ``txt`` into the text field found by ``selector``.</doc>
<status status="PASS" start="2026-09-23T20:27:35.234128" elapsed="0.015869"/>
</kw>
<kw name="Fill Text" owner="Browser">
<msg time="2026-09-23T20:27:35.250701" level="INFO">Fills the text '123456' in the given field.</msg>
<arg>css=input[data-testid='password']</arg>
<arg>123456</arg>
<tag>PageContent</tag>
<tag>Setter</tag>
<doc>Clears and fills the given ``txt`` into the text field found by ``selector``.</doc>
<status status="PASS" start="2026-09-23T20:27:35.250199" elapsed="0.014750"/>
</kw>
<kw name="Check Checkbox" owner="Browser">
<arg>css=input[data-testid='checkbox']</arg>
<tag>PageContent</tag>
<tag>Setter</tag>
<doc>Checks the checkbox or selects radio button found by ``selector``.</doc>
<status status="PASS" start="2026-09-23T20:27:35.265142" elapsed="0.054606"/>
</kw>
<kw name="Click" owner="Browser">
<msg time="2026-09-23T20:27:35.321077" level="INFO">Clicks the element 'css=button[data-testid='cadastrar']'.</msg>
<arg>css=button[data-testid='cadastrar']</arg>
<tag>PageContent</tag>
<tag>Setter</tag>
<doc>Simulates mouse click on the element found by ``selector``.</doc>
<status status="PASS" start="2026-09-23T20:27:35.320010" elapsed="0.051738"/>
</kw>
<kw name="Sleep" owner="BuiltIn">
<msg time="2026-09-23T20:27:40.373552" level="INFO">Slept 5 seconds.</msg>
<arg>5s</arg>
<doc>Pauses execution for the given time.</doc>
<status status="PASS" start="2026-09-23T20:27:35.372171" elapsed="5.001498"/>
</kw>
<status status="PASS" start="2026-09-23T20:27:35.125653" elapsed="5.248115"/>
</kw>
<msg time="2026-09-23T20:27:40.397822" level="INFO">Switching context to context=1f8e30d4-3fe8-4b98-b15d-fb689021ac92 in CURRENT</msg>
<msg time="2026-09-23T20:27:40.404766" level="INFO">Successfully changed active context: context=1f8e30d4-3fe8-4b98-b15d-fb689021ac92</msg>
<msg time="2026-09-23T20:27:40.424205" level="INFO">Successfully closed Context</msg>
<status status="PASS" start="2026-09-23T20:27:31.899874" elapsed="8.474471"/>
</test>
<status status="PASS" start="2026-09-23T20:27:31.500009" elapsed="8.926144"/>
</suite>
<statistics>
<total>
<stat pass="1" fail="0" skip="0">All Tests</stat>
</total>
<tag>
</tag>
<suite>
<stat name="Serve-Rest-Front" id="s1" pass="1" fail="0" skip="0">Serve-Rest-Front</stat>
</suite>
</statistics>
<errors>
</errors>
</robot>
